<?xml version="1.0" encoding="UTF-8"?>
<!-- Generated by org.testng.reporters.JUnitXMLReporter -->
<testsuite hostname="Ravind-Nayar" name="Test Classes" tests="18" failures="1" timestamp="3 Jun 2020 07:59:00 GMT" time="23.696" errors="0">
  <testcase name="facebookTitle" time="0.018" classname="com.testng.AssertionExample"/>
  <testcase name="logo" time="0.08" classname="com.testng.AssertionExample"/>
  <testcase name="test" time="0.001" classname="com.testng.ExceptionTimeOut"/>
  <testcase name="googleTitleTest" time="0.008" classname="com.testng.GoogleTest">
    <failure type="java.lang.ArithmeticException" message="/ by zero">
      <![CDATA[java.lang.ArithmeticException: / by zero
	at com.testng.GoogleTest.googleTitleTest(GoogleTest.java:31)
... Removed 24 stack frames]]>
    </failure>
  </testcase> <!-- googleTitleTest -->
  <testcase name="mailTest" time="0.039" classname="com.testng.GoogleTest"/>
  <testcase name="googleLogoTest" time="0.001" classname="com.testng.GoogleTest">
    <skipped/>
  </testcase> <!-- googleLogoTest -->
  <testcase name="sum" time="0.001" classname="com.testng.InvocationCout"/>
  <testcase name="sum" time="0.0" classname="com.testng.InvocationCout"/>
  <testcase name="sum" time="0.001" classname="com.testng.InvocationCout"/>
  <testcase name="sum" time="0.0" classname="com.testng.InvocationCout"/>
  <testcase name="sum" time="0.001" classname="com.testng.InvocationCout"/>
  <testcase name="sum" time="0.001" classname="com.testng.InvocationCout"/>
  <testcase name="sum" time="0.001" classname="com.testng.InvocationCout"/>
  <testcase name="sum" time="0.0" classname="com.testng.InvocationCout"/>
  <testcase name="sum" time="0.0" classname="com.testng.InvocationCout"/>
  <testcase name="sum" time="0.0" classname="com.testng.InvocationCout"/>
  <testcase name="Titletest" time="0.001" classname="com.testng.testNGBasics"/>
  <testcase name="googleTitleTest" time="0.001" classname="com.testng.testNGBasics"/>
</testsuite> <!-- Test Classes -->
